app/build/intermediates/manifest_merge_blame_file/debug/manifest-merger-blame-debug-report.txt
1<?xml version="1.0" encoding="utf-8"?>
2<manifest xmlns:android="http://schemas.android.com/apk/res/android"
3    package="com.example.aqua"
4    android:versionCode="1"
5    android:versionName="1.0" >
6
7    <uses-sdk
8        android:minSdkVersion="23"
8-->src\main\AndroidManifest.xml
9        android:targetSdkVersion="30" />
9-->src\main\AndroidManifest.xml
10    <!--
11         The ACCESS_COARSE/FINE_LOCATION permissions are not required to use
12         Google Maps Android API v2, but you must specify either coarse or fine
13         location permissions for the "MyLocation" functionality.
14    -->
15    <uses-permission android:name="android.permission.ACCESS_FINE_LOCATION" />
15-->src\main\AndroidManifest.xml:9:5-79
15-->src\main\AndroidManifest.xml:9:22-76
16    <uses-permission android:name="android.permission. ACCESS_COARSE_LOCATION" />
16-->src\main\AndroidManifest.xml:10:5-82
16-->src\main\AndroidManifest.xml:10:22-79
17    <uses-permission android:name="android.permission.INTERNET" />
17-->src\main\AndroidManifest.xml:11:5-67
17-->src\main\AndroidManifest.xml:11:22-64
18    <uses-permission android:name="android.permission.ACCESS_WIFI_STATE" />
18-->src\main\AndroidManifest.xml:12:5-76
18-->src\main\AndroidManifest.xml:12:22-73
19    <uses-permission android:name="android.permission.ACCESS_NETWORK_STATE" />
19-->src\main\AndroidManifest.xml:13:5-79
19-->src\main\AndroidManifest.xml:13:22-76
20
21    <uses-feature
21-->[com.google.android.gms:play-services-maps:17.0.0] AndroidManifest.xml:26:5-28:35
22        android:glEsVersion="0x00020000"
22-->[com.google.android.gms:play-services-maps:17.0.0] AndroidManifest.xml:27:9-41
23        android:required="true" />
23-->[com.google.android.gms:play-services-maps:17.0.0] AndroidManifest.xml:28:9-32
24
25    <application
25-->src\main\AndroidManifest.xml:15:5-66:19
26        android:allowBackup="true"
26-->src\main\AndroidManifest.xml:16:9-35
27        android:appComponentFactory="androidx.core.app.CoreComponentFactory"
27-->[androidx.core:core:1.3.1] AndroidManifest.xml:24:18-86
28        android:debuggable="true"
29        android:extractNativeLibs="false"
30        android:icon="@mipmap/ic_launcher"
30-->src\main\AndroidManifest.xml:17:9-43
31        android:label="@string/app_name"
31-->src\main\AndroidManifest.xml:18:9-41
32        android:networkSecurityConfig="@xml/network_security_config"
32-->src\main\AndroidManifest.xml:19:9-69
33        android:roundIcon="@mipmap/ic_launcher_round"
33-->src\main\AndroidManifest.xml:20:9-54
34        android:supportsRtl="true"
34-->src\main\AndroidManifest.xml:21:9-35
35        android:testOnly="true"
36        android:theme="@style/Theme.Aqua"
36-->src\main\AndroidManifest.xml:22:9-42
37        android:usesCleartextTraffic="true" >
37-->src\main\AndroidManifest.xml:23:9-44
38        <activity android:name="com.example.aqua.ViewServiceSingle" />
38-->src\main\AndroidManifest.xml:24:9-64
38-->src\main\AndroidManifest.xml:24:19-52
39        <activity android:name="com.example.aqua.MAP" />
39-->src\main\AndroidManifest.xml:25:9-41
39-->src\main\AndroidManifest.xml:25:19-38
40        <!--
41             The API key for Google Maps-based APIs is defined as a string resource.
42             (See the file "res/values/google_maps_api.xml").
43             Note that the API key is linked to the encryption key used to sign the APK.
44             You need a different API key for each encryption key, including the release key that is used to
45             sign the APK for publishing.
46             You can define the keys for the debug and release targets in src/debug/ and src/release/.
47        -->
48        <meta-data
48-->src\main\AndroidManifest.xml:34:9-36:47
49            android:name="com.google.android.geo.API_KEY"
49-->src\main\AndroidManifest.xml:35:13-58
50            android:value="@string/map_key" /> <!-- android:value="AIzaSyBmGFWbWfwXWh7x92XkNhEG9t7jZAtVY0s" -->
50-->src\main\AndroidManifest.xml:36:13-44
51        <activity
51-->src\main\AndroidManifest.xml:37:9-39:59
52            android:name="com.example.aqua.dashboard"
52-->src\main\AndroidManifest.xml:38:13-38
53            android:label="@string/title_activity_maps" />
53-->src\main\AndroidManifest.xml:39:13-56
54        <activity android:name="com.example.aqua.DropOffLocation_Activity" />
54-->src\main\AndroidManifest.xml:40:9-62
54-->src\main\AndroidManifest.xml:40:19-59
55        <activity android:name="com.example.aqua.MainActivity" />
55-->src\main\AndroidManifest.xml:41:9-50
55-->src\main\AndroidManifest.xml:41:19-47
56        <activity android:name="com.example.aqua.services" />
56-->src\main\AndroidManifest.xml:42:9-46
56-->src\main\AndroidManifest.xml:42:19-43
57        <activity android:name="com.example.aqua.cartconfiirm" />
57-->src\main\AndroidManifest.xml:43:9-50
57-->src\main\AndroidManifest.xml:43:19-47
58        <activity android:name="com.example.aqua.produtcard" />
58-->src\main\AndroidManifest.xml:44:9-48
58-->src\main\AndroidManifest.xml:44:19-45
59        <activity android:name="com.example.aqua.productdetail" />
59-->src\main\AndroidManifest.xml:45:9-51
59-->src\main\AndroidManifest.xml:45:19-48
60        <activity android:name="com.example.aqua.productsearch" />
60-->src\main\AndroidManifest.xml:46:9-51
60-->src\main\AndroidManifest.xml:46:19-48
61        <activity android:name="com.example.aqua.shops" />
61-->src\main\AndroidManifest.xml:47:9-43
61-->src\main\AndroidManifest.xml:47:19-40
62        <activity android:name="com.example.aqua.delivery" />
62-->src\main\AndroidManifest.xml:48:9-46
62-->src\main\AndroidManifest.xml:48:19-43
63        <activity android:name="com.example.aqua.wallet" />
63-->src\main\AndroidManifest.xml:49:9-44
63-->src\main\AndroidManifest.xml:49:19-41
64        <activity android:name="com.example.aqua.verify" />
64-->src\main\AndroidManifest.xml:50:9-44
64-->src\main\AndroidManifest.xml:50:19-41
65        <activity android:name="com.example.aqua.confirmlocation" />
65-->src\main\AndroidManifest.xml:51:9-53
65-->src\main\AndroidManifest.xml:51:19-50
66        <activity android:name="com.example.aqua.Setlocation" />
66-->src\main\AndroidManifest.xml:52:9-49
66-->src\main\AndroidManifest.xml:52:19-46
67        <activity android:name="com.example.aqua.SignUp_Activity" />
67-->src\main\AndroidManifest.xml:53:9-53
67-->src\main\AndroidManifest.xml:53:19-50
68        <activity android:name="com.example.aqua.button" />
68-->src\main\AndroidManifest.xml:54:9-44
68-->src\main\AndroidManifest.xml:54:19-41
69        <activity android:name="com.example.aqua.cart" />
69-->src\main\AndroidManifest.xml:55:9-42
69-->src\main\AndroidManifest.xml:55:19-39
70        <activity android:name="com.example.aqua.Cancelride" />
70-->src\main\AndroidManifest.xml:56:9-48
70-->src\main\AndroidManifest.xml:56:19-45
71        <activity android:name="com.example.aqua.ViewAllServices" />
71-->src\main\AndroidManifest.xml:57:9-53
71-->src\main\AndroidManifest.xml:57:19-50
72        <activity android:name="com.example.aqua.rides" />
72-->src\main\AndroidManifest.xml:58:9-43
72-->src\main\AndroidManifest.xml:58:19-40
73        <activity android:name="com.example.aqua.ServiceMainDashboard" >
73-->src\main\AndroidManifest.xml:59:9-65:20
73-->src\main\AndroidManifest.xml:59:19-55
74            <intent-filter>
74-->src\main\AndroidManifest.xml:60:13-64:29
75                <action android:name="android.intent.action.MAIN" />
75-->src\main\AndroidManifest.xml:61:17-69
75-->src\main\AndroidManifest.xml:61:25-66
76
77                <category android:name="android.intent.category.LAUNCHER" />
77-->src\main\AndroidManifest.xml:63:17-77
77-->src\main\AndroidManifest.xml:63:27-74
78            </intent-filter>
79        </activity>
80        <activity
80-->[com.google.android.libraries.places:places:2.4.0] AndroidManifest.xml:14:9-20:20
81            android:name="com.google.android.libraries.places.widget.AutocompleteActivity"
81-->[com.google.android.libraries.places:places:2.4.0] AndroidManifest.xml:15:13-91
82            android:exported="false"
82-->[com.google.android.libraries.places:places:2.4.0] AndroidManifest.xml:16:13-37
83            android:label="@string/places_autocomplete_label"
83-->[com.google.android.libraries.places:places:2.4.0] AndroidManifest.xml:17:13-62
84            android:theme="@style/PlacesAutocompleteOverlay"
84-->[com.google.android.libraries.places:places:2.4.0] AndroidManifest.xml:18:13-61
85            android:windowSoftInputMode="adjustResize" >
85-->[com.google.android.libraries.places:places:2.4.0] AndroidManifest.xml:19:13-55
86        </activity> <!-- Needs to be explicitly declared on P+ -->
87        <uses-library
87-->[com.google.android.gms:play-services-maps:17.0.0] AndroidManifest.xml:33:9-35:40
88            android:name="org.apache.http.legacy"
88-->[com.google.android.gms:play-services-maps:17.0.0] AndroidManifest.xml:34:13-50
89            android:required="false" />
89-->[com.google.android.gms:play-services-maps:17.0.0] AndroidManifest.xml:35:13-37
90
91        <activity
91-->[com.google.firebase:firebase-auth:20.0.2] AndroidManifest.xml:27:9-44:20
92            android:name="com.google.firebase.auth.internal.GenericIdpActivity"
92-->[com.google.firebase:firebase-auth:20.0.2] AndroidManifest.xml:28:13-80
93            android:excludeFromRecents="true"
93-->[com.google.firebase:firebase-auth:20.0.2] AndroidManifest.xml:29:13-46
94            android:exported="true"
94-->[com.google.firebase:firebase-auth:20.0.2] AndroidManifest.xml:30:13-36
95            android:launchMode="singleTask"
95-->[com.google.firebase:firebase-auth:20.0.2] AndroidManifest.xml:31:13-44
96            android:theme="@android:style/Theme.Translucent.NoTitleBar" >
96-->[com.google.firebase:firebase-auth:20.0.2] AndroidManifest.xml:32:13-72
97            <intent-filter>
97-->[com.google.firebase:firebase-auth:20.0.2] AndroidManifest.xml:33:13-43:29
98                <action android:name="android.intent.action.VIEW" />
98-->[com.google.firebase:firebase-auth:20.0.2] AndroidManifest.xml:34:17-69
98-->[com.google.firebase:firebase-auth:20.0.2] AndroidManifest.xml:34:25-66
99
100                <category android:name="android.intent.category.DEFAULT" />
100-->[com.google.firebase:firebase-auth:20.0.2] AndroidManifest.xml:36:17-76
100-->[com.google.firebase:firebase-auth:20.0.2] AndroidManifest.xml:36:27-73
101                <category android:name="android.intent.category.BROWSABLE" />
101-->[com.google.firebase:firebase-auth:20.0.2] AndroidManifest.xml:37:17-78
101-->[com.google.firebase:firebase-auth:20.0.2] AndroidManifest.xml:37:27-75
102
103                <data
103-->[com.google.firebase:firebase-auth:20.0.2] AndroidManifest.xml:39:17-42:51
104                    android:host="firebase.auth"
104-->[com.google.firebase:firebase-auth:20.0.2] AndroidManifest.xml:40:21-49
105                    android:path="/"
105-->[com.google.firebase:firebase-auth:20.0.2] AndroidManifest.xml:41:21-37
106                    android:scheme="genericidp" />
106-->[com.google.firebase:firebase-auth:20.0.2] AndroidManifest.xml:42:21-48
107            </intent-filter>
108        </activity>
109        <activity
109-->[com.google.firebase:firebase-auth:20.0.2] AndroidManifest.xml:45:9-62:20
110            android:name="com.google.firebase.auth.internal.RecaptchaActivity"
110-->[com.google.firebase:firebase-auth:20.0.2] AndroidManifest.xml:46:13-79
111            android:excludeFromRecents="true"
111-->[com.google.firebase:firebase-auth:20.0.2] AndroidManifest.xml:47:13-46
112            android:exported="true"
112-->[com.google.firebase:firebase-auth:20.0.2] AndroidManifest.xml:48:13-36
113            android:launchMode="singleTask"
113-->[com.google.firebase:firebase-auth:20.0.2] AndroidManifest.xml:49:13-44
114            android:theme="@android:style/Theme.Translucent.NoTitleBar" >
114-->[com.google.firebase:firebase-auth:20.0.2] AndroidManifest.xml:50:13-72
115            <intent-filter>
115-->[com.google.firebase:firebase-auth:20.0.2] AndroidManifest.xml:51:13-61:29
116                <action android:name="android.intent.action.VIEW" />
116-->[com.google.firebase:firebase-auth:20.0.2] AndroidManifest.xml:34:17-69
116-->[com.google.firebase:firebase-auth:20.0.2] AndroidManifest.xml:34:25-66
117
118                <category android:name="android.intent.category.DEFAULT" />
118-->[com.google.firebase:firebase-auth:20.0.2] AndroidManifest.xml:36:17-76
118-->[com.google.firebase:firebase-auth:20.0.2] AndroidManifest.xml:36:27-73
119                <category android:name="android.intent.category.BROWSABLE" />
119-->[com.google.firebase:firebase-auth:20.0.2] AndroidManifest.xml:37:17-78
119-->[com.google.firebase:firebase-auth:20.0.2] AndroidManifest.xml:37:27-75
120
121                <data
121-->[com.google.firebase:firebase-auth:20.0.2] AndroidManifest.xml:39:17-42:51
122                    android:host="firebase.auth"
122-->[com.google.firebase:firebase-auth:20.0.2] AndroidManifest.xml:40:21-49
123                    android:path="/"
123-->[com.google.firebase:firebase-auth:20.0.2] AndroidManifest.xml:41:21-37
124                    android:scheme="recaptcha" />
124-->[com.google.firebase:firebase-auth:20.0.2] AndroidManifest.xml:42:21-48
125            </intent-filter>
126        </activity>
127
128        <service
128-->[com.google.firebase:firebase-auth:20.0.2] AndroidManifest.xml:64:9-73:19
129            android:name="com.google.firebase.auth.api.fallback.service.FirebaseAuthFallbackService"
129-->[com.google.firebase:firebase-auth:20.0.2] AndroidManifest.xml:65:13-101
130            android:enabled="true"
130-->[com.google.firebase:firebase-auth:20.0.2] AndroidManifest.xml:66:13-35
131            android:exported="false" >
131-->[com.google.firebase:firebase-auth:20.0.2] AndroidManifest.xml:67:13-37
132            <intent-filter>
132-->[com.google.firebase:firebase-auth:20.0.2] AndroidManifest.xml:68:13-72:29
133                <action android:name="com.google.firebase.auth.api.gms.service.START" />
133-->[com.google.firebase:firebase-auth:20.0.2] AndroidManifest.xml:69:17-89
133-->[com.google.firebase:firebase-auth:20.0.2] AndroidManifest.xml:69:25-86
134
135                <category android:name="android.intent.category.DEFAULT" />
135-->[com.google.firebase:firebase-auth:20.0.2] AndroidManifest.xml:36:17-76
135-->[com.google.firebase:firebase-auth:20.0.2] AndroidManifest.xml:36:27-73
136            </intent-filter>
137        </service>
138        <service
138-->[com.google.firebase:firebase-auth:20.0.2] AndroidManifest.xml:74:9-80:19
139            android:name="com.google.firebase.components.ComponentDiscoveryService"
139-->[com.google.firebase:firebase-auth:20.0.2] AndroidManifest.xml:75:13-84
140            android:directBootAware="true"
140-->[com.google.firebase:firebase-common:19.5.0] AndroidManifest.xml:35:13-43
141            android:exported="false" >
141-->[com.google.firebase:firebase-auth:20.0.2] AndroidManifest.xml:76:13-37
142            <meta-data
142-->[com.google.firebase:firebase-auth:20.0.2] AndroidManifest.xml:77:13-79:85
143                android:name="com.google.firebase.components:com.google.firebase.auth.FirebaseAuthRegistrar"
143-->[com.google.firebase:firebase-auth:20.0.2] AndroidManifest.xml:78:17-109
144                android:value="com.google.firebase.components.ComponentRegistrar" />
144-->[com.google.firebase:firebase-auth:20.0.2] AndroidManifest.xml:79:17-82
145            <!--
146                This registrar is not defined in the dynamic-module-support sdk itself to allow non-firebase
147                clients to use it as well, by defining this registrar in their own core/common library.
148            -->
149            <meta-data
149-->[com.google.firebase:firebase-common:19.5.0] AndroidManifest.xml:43:13-45:85
150                android:name="com.google.firebase.components:com.google.firebase.dynamicloading.DynamicLoadingRegistrar"
150-->[com.google.firebase:firebase-common:19.5.0] AndroidManifest.xml:44:17-121
151                android:value="com.google.firebase.components.ComponentRegistrar" />
151-->[com.google.firebase:firebase-common:19.5.0] AndroidManifest.xml:45:17-82
152        </service>
153
154        <activity
154-->[com.google.android.gms:play-services-auth:19.0.0] AndroidManifest.xml:23:9-27:75
155            android:name="com.google.android.gms.auth.api.signin.internal.SignInHubActivity"
155-->[com.google.android.gms:play-services-auth:19.0.0] AndroidManifest.xml:24:13-93
156            android:excludeFromRecents="true"
156-->[com.google.android.gms:play-services-auth:19.0.0] AndroidManifest.xml:25:13-46
157            android:exported="false"
157-->[com.google.android.gms:play-services-auth:19.0.0] AndroidManifest.xml:26:13-37
158            android:theme="@android:style/Theme.Translucent.NoTitleBar" />
158-->[com.google.android.gms:play-services-auth:19.0.0] AndroidManifest.xml:27:13-72
159        <!--
160            Service handling Google Sign-In user revocation. For apps that do not integrate with
161            Google Sign-In, this service will never be started.
162        -->
163        <service
163-->[com.google.android.gms:play-services-auth:19.0.0] AndroidManifest.xml:33:9-37:51
164            android:name="com.google.android.gms.auth.api.signin.RevocationBoundService"
164-->[com.google.android.gms:play-services-auth:19.0.0] AndroidManifest.xml:34:13-89
165            android:exported="true"
165-->[com.google.android.gms:play-services-auth:19.0.0] AndroidManifest.xml:35:13-36
166            android:permission="com.google.android.gms.auth.api.signin.permission.REVOCATION_NOTIFICATION"
166-->[com.google.android.gms:play-services-auth:19.0.0] AndroidManifest.xml:36:13-107
167            android:visibleToInstantApps="true" />
167-->[com.google.android.gms:play-services-auth:19.0.0] AndroidManifest.xml:37:13-48
168
169        <provider
169-->[com.google.firebase:firebase-common:19.5.0] AndroidManifest.xml:26:9-31:39
170            android:name="com.google.firebase.provider.FirebaseInitProvider"
170-->[com.google.firebase:firebase-common:19.5.0] AndroidManifest.xml:27:13-77
171            android:authorities="com.example.aqua.firebaseinitprovider"
171-->[com.google.firebase:firebase-common:19.5.0] AndroidManifest.xml:28:13-72
172            android:directBootAware="true"
172-->[com.google.firebase:firebase-common:19.5.0] AndroidManifest.xml:29:13-43
173            android:exported="false"
173-->[com.google.firebase:firebase-common:19.5.0] AndroidManifest.xml:30:13-37
174            android:initOrder="100" />
174-->[com.google.firebase:firebase-common:19.5.0] AndroidManifest.xml:31:13-36
175
176        <activity
176-->[com.google.android.gms:play-services-base:17.3.0] AndroidManifest.xml:23:9-26:75
177            android:name="com.google.android.gms.common.api.GoogleApiActivity"
177-->[com.google.android.gms:play-services-base:17.3.0] AndroidManifest.xml:24:13-79
178            android:exported="false"
178-->[com.google.android.gms:play-services-base:17.3.0] AndroidManifest.xml:25:13-37
179            android:theme="@android:style/Theme.Translucent.NoTitleBar" />
179-->[com.google.android.gms:play-services-base:17.3.0] AndroidManifest.xml:26:13-72
180
181        <meta-data
181-->[com.google.android.gms:play-services-basement:17.3.0] AndroidManifest.xml:23:9-25:69
182            android:name="com.google.android.gms.version"
182-->[com.google.android.gms:play-services-basement:17.3.0] AndroidManifest.xml:24:13-58
183            android:value="@integer/google_play_services_version" />
183-->[com.google.android.gms:play-services-basement:17.3.0] AndroidManifest.xml:25:13-66
184
185        <service
185-->[com.google.android.datatransport:transport-backend-cct:2.3.0] AndroidManifest.xml:29:9-35:19
186            android:name="com.google.android.datatransport.runtime.backends.TransportBackendDiscovery"
186-->[com.google.android.datatransport:transport-backend-cct:2.3.0] AndroidManifest.xml:30:13-103
187            android:exported="false" >
187-->[com.google.android.datatransport:transport-backend-cct:2.3.0] AndroidManifest.xml:31:13-37
188            <meta-data
188-->[com.google.android.datatransport:transport-backend-cct:2.3.0] AndroidManifest.xml:32:13-34:39
189                android:name="backend:com.google.android.datatransport.cct.CctBackendFactory"
189-->[com.google.android.datatransport:transport-backend-cct:2.3.0] AndroidManifest.xml:33:17-94
190                android:value="cct" />
190-->[com.google.android.datatransport:transport-backend-cct:2.3.0] AndroidManifest.xml:34:17-36
191        </service>
192        <service
192-->[com.google.android.datatransport:transport-runtime:2.2.3] AndroidManifest.xml:26:9-30:19
193            android:name="com.google.android.datatransport.runtime.scheduling.jobscheduling.JobInfoSchedulerService"
193-->[com.google.android.datatransport:transport-runtime:2.2.3] AndroidManifest.xml:27:13-117
194            android:exported="false"
194-->[com.google.android.datatransport:transport-runtime:2.2.3] AndroidManifest.xml:28:13-37
195            android:permission="android.permission.BIND_JOB_SERVICE" >
195-->[com.google.android.datatransport:transport-runtime:2.2.3] AndroidManifest.xml:29:13-69
196        </service>
197
198        <receiver
198-->[com.google.android.datatransport:transport-runtime:2.2.3] AndroidManifest.xml:32:9-34:40
199            android:name="com.google.android.datatransport.runtime.scheduling.jobscheduling.AlarmManagerSchedulerBroadcastReceiver"
199-->[com.google.android.datatransport:transport-runtime:2.2.3] AndroidManifest.xml:33:13-132
200            android:exported="false" />
200-->[com.google.android.datatransport:transport-runtime:2.2.3] AndroidManifest.xml:34:13-37
201
202        <provider
202-->[androidx.lifecycle:lifecycle-process:2.1.0] AndroidManifest.xml:23:9-27:43
203            android:name="androidx.lifecycle.ProcessLifecycleOwnerInitializer"
203-->[androidx.lifecycle:lifecycle-process:2.1.0] AndroidManifest.xml:24:13-79
204            android:authorities="com.example.aqua.lifecycle-process"
204-->[androidx.lifecycle:lifecycle-process:2.1.0] AndroidManifest.xml:25:13-69
205            android:exported="false"
205-->[androidx.lifecycle:lifecycle-process:2.1.0] AndroidManifest.xml:26:13-37
206            android:multiprocess="true" />
206-->[androidx.lifecycle:lifecycle-process:2.1.0] AndroidManifest.xml:27:13-40
207    </application>
208
209</manifest>